  option_hedging.cpp
D:\Users\Administrator\Connect\PT\Projects\backtradercpp\include\backtradercpp\Common.hpp(373,38): warning C4244: 'initializing': conversion from 'Eigen::EigenBase<Derived>::Index' to 'int', possible loss of data
          with
          [
              Derived=Eigen::Array<int,-1,1,0,-1,1>
          ]
D:\Users\Administrator\Connect\PT\Projects\backtradercpp\include\backtradercpp\DataFeeds.hpp(373,36): warning C4267: '=': conversion from 'size_t' to 'int', possible loss of data
D:\Users\Administrator\Connect\PT\Projects\backtradercpp\include\backtradercpp\DataFeeds.hpp(415,30): warning C4244: 'argument': conversion from 'double' to 'const int', possible loss of data
D:\Users\Administrator\Connect\PT\Projects\backtradercpp\include\backtradercpp\BrokerImpl.hpp(48,54): warning C4244: 'return': conversion from 'Eigen::EigenBase<Derived>::Index' to 'int', possible loss of data
          with
          [
              Derived=Eigen::Array<int,-1,1,0,-1,1>
          ]
D:\Users\Administrator\Connect\PT\Projects\backtradercpp\include\backtradercpp\BrokerImpl.hpp(317,11): warning C4244: 'initializing': conversion from 'Eigen::EigenBase<Derived>::Index' to 'int', possible loss of data
          with
          [
              Derived=Eigen::Array<double,-1,1,0,-1,1>
          ]
D:\Users\Administrator\Connect\PT\Projects\backtradercpp\include\backtradercpp\AyalysisUtil.hpp(32,11): warning C4244: 'initializing': conversion from 'Eigen::EigenBase<Derived>::Index' to 'int', possible loss of data
          with
          [
              Derived=Eigen::Array<double,-1,1,0,-1,1>
          ]
D:\Users\Administrator\Connect\PT\Projects\backtradercpp\include\backtradercpp\BrokerImpl.hpp(360,50): message : see reference to function template instantiation 'auto backtradercpp::analysis::cal_performance<Derived>(const Eigen::EigenBase<Derived> &)' being compiled
          with
          [
              Derived=Eigen::Array<double,-1,1,0,-1,1>
          ]
D:\Users\Administrator\Connect\PT\Projects\backtradercpp\include\backtradercpp\Cerebro.hpp(39,76): warning C4267: 'argument': conversion from 'size_t' to 'int', possible loss of data
D:\Users\Administrator\Connect\PT\Projects\backtradercpp\include\backtradercpp\Cerebro.hpp(50,78): warning C4267: 'argument': conversion from 'size_t' to 'int', possible loss of data
  Generating code
  102 of 6055 functions ( 1.7%) were compiled, the rest were copied from previous compilation.
    0 functions were new in current compilation
    20 functions had inline decision re-evaluated but remain unchanged
  Finished generating code
  option_hedging.vcxproj -> D:\Users\Administrator\Connect\PT\Projects\backtradercpp\vs_examples\x64\Release\option_hedging.exe

Project Performance Summary:
     7457 ms  D:\Users\Administrator\Connect\PT\Projects\backtradercpp\vs_examples\option_hedging\option_hedging.vcxproj   1 calls
               7457 ms  Build                                      1 calls

Target Performance Summary:
        0 ms  AfterBuildCompileEvent                     1 calls
        0 ms  _ALink                                     1 calls
        0 ms  _Link                                      1 calls
        0 ms  AfterLink                                  1 calls
        0 ms  ComputeLinkImportLibraryOutputsForClean    1 calls
        0 ms  PreLinkEvent                               1 calls
        0 ms  DoLinkOutputFilesMatch                     1 calls
        0 ms  PrepareResourceNames                       1 calls
        0 ms  CreateCustomManifestResourceNames          1 calls
        0 ms  SplitResourcesByCulture                    1 calls
        0 ms  ComputeManifestInputsTargets               1 calls
        0 ms  ComputeLinkInputsFromProject               1 calls
        0 ms  _Manifest                                  1 calls
        0 ms  ComputeCLGeneratedLinkInputs               1 calls
        0 ms  ComputeRCGeneratedLinkInputs               1 calls
        0 ms  ComputeRCOutputs                           1 calls
        0 ms  BeforeLink                                 1 calls
        0 ms  ComputeLegacyManifestEmbedding             1 calls
        0 ms  BuildLinkTraverse                          1 calls
        0 ms  BuildCompile                               1 calls
        0 ms  _BuildCompileAction                        1 calls
        0 ms  FinalizeBuildStatus                        1 calls
        0 ms  _ResourceCompile                           1 calls
        0 ms  AfterResourceCompile                       1 calls
        0 ms  MakeDirsForResourceCompile                 1 calls
        0 ms  ComputeManifestGeneratedLinkerInputs       1 calls
        0 ms  ResolvedXDCMake                            1 calls
        0 ms  ComputeCLCompileGeneratedXDCFiles          1 calls
        0 ms  MakeDirsForXdcMake                         1 calls
        0 ms  AfterBuild                                 1 calls
        0 ms  BuildLink                                  1 calls
        0 ms  _BuildLinkAction                           1 calls
        0 ms  PostBuildEvent                             1 calls
        0 ms  PrepareForRun                              1 calls
        0 ms  CopyFilesToOutputDirectory                 1 calls
        0 ms  _CheckForCompileOutputs                    1 calls
        0 ms  _CopySourceItemsToOutputDirectory          1 calls
        0 ms  _GetCopyToOutputDirectoryItemsFromThisProject   1 calls
        0 ms  _GetCopyToOutputDirectoryItemsFromTransitiveProjectReferences   1 calls
        0 ms  GetCopyToOutputDirectoryXamlAppDefs        1 calls
        0 ms  _PopulateCommonStateForGetCopyToOutputDirectoryItems   1 calls
        0 ms  _CopyFilesMarkedCopyLocal                  1 calls
        0 ms  _Deploy                                    1 calls
        0 ms  _Appverifier                               1 calls
        0 ms  CreateSatelliteAssemblies                  1 calls
        0 ms  _GenerateSatelliteAssemblyInputs           1 calls
        0 ms  ContentFilesProjectOutputGroup             1 calls
        0 ms  MakeDirsForFxc                             1 calls
        0 ms  SatelliteDllsProjectOutputGroup            1 calls
        0 ms  BuiltProjectOutputGroup                    1 calls
        0 ms  _BscMake                                   1 calls
        0 ms  MakeDirsForBscMake                         1 calls
        0 ms  ComputeCLCompileGeneratedSbrFiles          1 calls
        0 ms  _XdcMake                                   1 calls
        0 ms  BeforeResourceCompile                      1 calls
        0 ms  _ClCompile                                 1 calls
        0 ms  Build                                      1 calls
        0 ms  BeforeResolveReferences                    1 calls
        0 ms  GetReferenceAssemblyPaths                  1 calls
        0 ms  _Xsd                                       1 calls
        0 ms  CopyFileToFolders                          1 calls
        0 ms  _SplitProjectReferencesByFileExistence     1 calls
        0 ms  ComputeCustomBuildOutput                   1 calls
        0 ms  SelectCustomBuild                          1 calls
        0 ms  AddExternalIncludDirectoriesToPaths        1 calls
        0 ms  AfterClCompile                             1 calls
        0 ms  _SelectedFiles                             1 calls
        0 ms  GetFrameworkPaths                          1 calls
        0 ms  BeforeBuildGenerateSources                 1 calls
        0 ms  SetTelemetryEnvironmentVariables           1 calls
        0 ms  ResolveReferences                          1 calls
        0 ms  AfterResolveReferences                     1 calls
        0 ms  ResolveAssemblyReferences                  1 calls
        0 ms  ExpandSDKReferences                        1 calls
        0 ms  ResolveSDKReferences                       1 calls
        0 ms  SetBuildDefaultEnvironmentVariables        1 calls
        0 ms  _PrepareForBuild                           1 calls
        0 ms  SetCABuildNativeEnvironmentVariables       1 calls
        0 ms  BuildGenerateSourcesTraverse               1 calls
        0 ms  _CheckWindowsSDKInstalled                  1 calls
        0 ms  MakeDirsForMidl                            1 calls
        0 ms  ResolveProjectReferences                   1 calls
        0 ms  CheckMixedPerfLibUsageVC                   1 calls
        0 ms  VcpkgCheckManifestRoot                     1 calls
        0 ms  VcpkgTripletSelection                      1 calls
        0 ms  SelectClCompile                            1 calls
        0 ms  MakeDirsForCl                              1 calls
        0 ms  _AddOutputPathToGlobalPropertiesToRemove   1 calls
        0 ms  WarnCompileDuplicatedFilename              1 calls
        0 ms  ComputeReferenceCLInput                    1 calls
        0 ms  GetReferencedVCProjectsInfo                1 calls
        0 ms  ComputeMIDLGeneratedCompileInputs          1 calls
        0 ms  ComputeCLInputPDBName                      1 calls
        0 ms  BeforeClCompile                            1 calls
        0 ms  BuildCompileTraverse                       1 calls
        0 ms  _PrepareForReferenceResolution             1 calls
        0 ms  BuildGenerateSources                       1 calls
        0 ms  _BuildGenerateSourcesAction                1 calls
        0 ms  AfterBuildGenerateSourcesEvent             1 calls
        0 ms  PrepareProjectReferences                   1 calls
        0 ms  AfterBuildGenerateSources                  1 calls
        0 ms  _Midl                                      1 calls
        0 ms  AfterMidl                                  1 calls
        0 ms  GetResolvedWinMD                           1 calls
        1 ms  PreBuildEvent                              1 calls
        1 ms  FindReferenceAssembliesForReferences       1 calls
        1 ms  CustomBuild                                1 calls
        1 ms  ComputeLinkSwitches                        1 calls
        1 ms  ComputeCLOutputs                           1 calls
        1 ms  _CleanGetCurrentAndPriorFileWrites         1 calls
        1 ms  GetCopyToOutputDirectoryItems              1 calls
        1 ms  FixupCLCompileOptions                      1 calls
        1 ms  MakeDirsForLink                            1 calls
        1 ms  AssignTargetPaths                          1 calls
        1 ms  IncrementalClean                           1 calls
        1 ms  _CheckForInvalidConfigurationAndPlatform   1 calls
        1 ms  PrepareForBuild                            1 calls
        1 ms  RegisterOutput                             1 calls
        1 ms  AssignProjectConfiguration                 1 calls
        1 ms  _GetProjectReferenceTargetFrameworkProperties   1 calls
        1 ms  CreateRecipeFile                           1 calls
        1 ms  InitializeBuildStatus                      1 calls
      261 ms  AppLocalFromInstalled                      1 calls
     1585 ms  Link                                       1 calls
     5595 ms  ClCompile                                  1 calls
